DEBUG: Getting the data...
DEBUG: Data successfully retrieved!
DEBUG: Formatting the data...
ERROR: An error occurred while formatting the data: 'food'
DEBUG: Getting the features...
ERROR: Error occurred: 'NoneType' object has no attribute 'drop'
DEBUG: get_labels: Getting the labels...
ERROR: get_labels: Error occurred: 'NoneType' object is not subscriptable
DEBUG: split_data: Splitting the data...
ERROR: split_data: Error occurred: Expected sequence or array-like, got <class 'NoneType'>
DEBUG: check_model: Checking if the user has a model...
ERROR: check_model: Model not found!
DEBUG: create_model: Creating a model...
DEBUG: create_model: Model created successfully!
DEBUG: train_model: Training the model...
ERROR: train_model: Error occurred: This LinearRegression estimator requires y to be passed, but the target y is None.
DEBUG: save_model: Saving model...
DEBUG: save_model: Model saved successfully!
DEBUG: predict_next_meal: Predicting the next meal...
ERROR: predict_next_meal: Error occurred: 'NoneType' object has no attribute 'predict'
DEBUG: This is a debug message
INFO: This is an info message
WARNING: This is a warning message
ERROR: This is an error message
CRITICAL: This is a critical message
DEBUG: Getting the data...
DEBUG: Data successfully retrieved!
DEBUG: Formatting the data...
ERROR: An error occurred while formatting the data: 'food'
DEBUG: Getting the features...
ERROR: Error occurred: 'NoneType' object has no attribute 'drop'
DEBUG: get_labels: Getting the labels...
ERROR: get_labels: Error occurred: 'NoneType' object is not subscriptable
DEBUG: split_data: Splitting the data...
ERROR: split_data: Error occurred: Expected sequence or array-like, got <class 'NoneType'>
DEBUG: check_model: Checking if the user has a model...
DEBUG: check_model: Model found!
DEBUG: load_model: Loading model...
DEBUG: load_model: Model loaded successfully!
DEBUG: predict_next_meal: Predicting the next meal...
ERROR: predict_next_meal: Error occurred: 'NoneType' object has no attribute 'predict'
